[17/03/2025 18:10:12] [INFO] [Logs] Gestionnaire de logs initialisé
[17/03/2025 18:10:12] [INFO] [Système] Gestionnaire anti-crash initialisé
[17/03/2025 18:10:12] [DEBUG] [Événements] Événement chargé: messageCreate
[17/03/2025 18:10:12] [INFO] [Événements] Événement ajouté: messageCreate.js
[17/03/2025 18:10:12] [DEBUG] [Événements] Événement chargé: ready
[17/03/2025 18:10:12] [INFO] [Événements] Événement ajouté: ready.js
[17/03/2025 18:10:12] [INFO] [Base de données] Configuration initiale du bot créée
[17/03/2025 18:10:13] [SUCCESS] [Client] Connecté en tant que TemplatePrefix#0345!
[17/03/2025 18:10:13] [INFO] [Ready Event] Informations mises à jour pour 0 serveurs
[17/03/2025 18:10:13] [SUCCESS] [Client] Connecté en tant que TemplatePrefix#0345!
[17/03/2025 18:10:13] [INFO] [Ready Event] Informations mises à jour pour 0 serveurs
[17/03/2025 18:10:13] [INFO] [Ready Event] Bot prêt sur 0 serveurs
[17/03/2025 18:10:13] [INFO] [Ready Event] Servant 0 utilisateurs
[17/03/2025 18:10:13] [INFO] [Ready Event] Accès à 0 canaux
[17/03/2025 18:10:13] [INFO] [Ready Event] Préfixe principal: +
[17/03/2025 18:10:13] [INFO] [Ready Event] Bot prêt sur 0 serveurs
[17/03/2025 18:10:13] [INFO] [Ready Event] Servant 0 utilisateurs
[17/03/2025 18:10:13] [INFO] [Ready Event] Accès à 0 canaux
[17/03/2025 18:10:13] [INFO] [Ready Event] Préfixe principal: +
[17/03/2025 18:10:13] [INFO] [Bot] Bot démarré avec succès
[17/03/2025 18:10:51] [INFO] [Commandes] 0 commandes chargées
[17/03/2025 18:10:51] [INFO] [Commandes] Gestionnaire de commandes initialisé
[17/03/2025 18:10:55] [INFO] [Base de données] Déconnecté de MongoDB
[17/03/2025 18:10:58] [INFO] [Logs] Gestionnaire de logs initialisé
[17/03/2025 18:10:58] [INFO] [Système] Gestionnaire anti-crash initialisé
[17/03/2025 18:10:58] [DEBUG] [Événements] Événement chargé: messageCreate
[17/03/2025 18:10:58] [INFO] [Événements] Événement ajouté: messageCreate.js
[17/03/2025 18:10:58] [DEBUG] [Événements] Événement chargé: ready
[17/03/2025 18:10:58] [INFO] [Événements] Événement ajouté: ready.js
[17/03/2025 18:10:59] [SUCCESS] [Client] Connecté en tant que TemplatePrefix#0345!
[17/03/2025 18:10:59] [INFO] [Ready Event] Informations mises à jour pour 0 serveurs
[17/03/2025 18:10:59] [SUCCESS] [Client] Connecté en tant que TemplatePrefix#0345!
[17/03/2025 18:10:59] [INFO] [Ready Event] Informations mises à jour pour 0 serveurs
[17/03/2025 18:10:59] [INFO] [Ready Event] Bot prêt sur 0 serveurs
[17/03/2025 18:10:59] [INFO] [Ready Event] Servant 0 utilisateurs
[17/03/2025 18:10:59] [INFO] [Ready Event] Accès à 0 canaux
[17/03/2025 18:10:59] [INFO] [Ready Event] Préfixe principal: +
[17/03/2025 18:10:59] [INFO] [Ready Event] Bot prêt sur 0 serveurs
[17/03/2025 18:10:59] [INFO] [Ready Event] Servant 0 utilisateurs
[17/03/2025 18:10:59] [INFO] [Ready Event] Accès à 0 canaux
[17/03/2025 18:10:59] [INFO] [Ready Event] Préfixe principal: +
[17/03/2025 18:10:59] [INFO] [Bot] Bot démarré avec succès
[17/03/2025 18:12:57] [ERROR] [Commandes] La commande F:\DEV\Templates\Prefix\commands\everyone\ping.js est invalide (il manque le nom ou la fonction run)
[17/03/2025 18:12:57] [INFO] [Commandes] Commande ajoutée: ping.js
[17/03/2025 18:13:04] [DEBUG] [Commandes] Commande chargée: ping
[17/03/2025 18:13:04] [INFO] [Commandes] Commande mise à jour: ping.js
[17/03/2025 18:13:08] [DEBUG] [Commandes] Commande déchargée: ping
[17/03/2025 18:13:08] [DEBUG] [Commandes] Commande chargée: ping
[17/03/2025 18:13:08] [INFO] [Commandes] Commande mise à jour: ping.js
[17/03/2025 18:13:18] [ERROR] [Commandes] La commande F:\DEV\Templates\Prefix\commands\everyone\pic.js est invalide (il manque le nom ou la fonction run)
[17/03/2025 18:13:18] [INFO] [Commandes] Commande ajoutée: pic.js
[17/03/2025 18:13:20] [DEBUG] [Commandes] Commande chargée: pic
[17/03/2025 18:13:20] [INFO] [Commandes] Commande mise à jour: pic.js
[17/03/2025 18:13:30] [ERROR] [Commandes] La commande F:\DEV\Templates\Prefix\commands\owners\owners.js est invalide (il manque le nom ou la fonction run)
[17/03/2025 18:13:30] [INFO] [Commandes] Commande ajoutée: owners.js
[17/03/2025 18:13:31] [ERROR] [Commandes] Erreur lors du chargement de la commande F:\DEV\Templates\Prefix\commands\owners\owners.js: Cannot find module '../handlers/logHandler'
Require stack:
- F:\DEV\Templates\Prefix\commands\owners\owners.js
- F:\DEV\Templates\Prefix\handlers\commandHandler.js
- F:\DEV\Templates\Prefix\client.js
- F:\DEV\Templates\Prefix\index.js
[17/03/2025 18:13:31] [INFO] [Commandes] Commande mise à jour: owners.js
[17/03/2025 18:13:35] [ERROR] [Commandes] Erreur lors du chargement de la commande F:\DEV\Templates\Prefix\commands\owners\owners.js: Cannot find module '../handlers/logHandler'
Require stack:
- F:\DEV\Templates\Prefix\commands\owners\owners.js
- F:\DEV\Templates\Prefix\handlers\commandHandler.js
- F:\DEV\Templates\Prefix\client.js
- F:\DEV\Templates\Prefix\index.js
[17/03/2025 18:13:35] [INFO] [Commandes] Commande mise à jour: owners.js
[17/03/2025 18:13:43] [ERROR] [Commandes] La commande F:\DEV\Templates\Prefix\commands\owners\prefix.js est invalide (il manque le nom ou la fonction run)
[17/03/2025 18:13:43] [INFO] [Commandes] Commande ajoutée: prefix.js
[17/03/2025 18:13:50] [ERROR] [Commandes] Erreur lors du chargement de la commande F:\DEV\Templates\Prefix\commands\owners\prefix.js: Cannot find module '../handlers/databaseHandler'
Require stack:
- F:\DEV\Templates\Prefix\commands\owners\prefix.js
- F:\DEV\Templates\Prefix\handlers\commandHandler.js
- F:\DEV\Templates\Prefix\client.js
- F:\DEV\Templates\Prefix\index.js
[17/03/2025 18:13:50] [INFO] [Commandes] Commande mise à jour: prefix.js
[17/03/2025 18:13:51] [ERROR] [Commandes] Erreur lors du chargement de la commande F:\DEV\Templates\Prefix\commands\owners\prefix.js: Cannot find module '../handlers/databaseHandler'
Require stack:
- F:\DEV\Templates\Prefix\commands\owners\prefix.js
- F:\DEV\Templates\Prefix\handlers\commandHandler.js
- F:\DEV\Templates\Prefix\client.js
- F:\DEV\Templates\Prefix\index.js
[17/03/2025 18:13:51] [INFO] [Commandes] Commande mise à jour: prefix.js
[17/03/2025 18:14:01] [ERROR] [Commandes] La commande F:\DEV\Templates\Prefix\commands\owners\prefix.js est invalide (il manque le nom ou la fonction run)
[17/03/2025 18:14:01] [INFO] [Commandes] Commande mise à jour: prefix.js
[17/03/2025 18:14:17] [DEBUG] [Commandes] Commande chargée: owners
[17/03/2025 18:14:17] [INFO] [Commandes] Commande mise à jour: owners.js
[17/03/2025 18:14:19] [INFO] [Base de données] Déconnecté de MongoDB
[17/03/2025 18:14:22] [INFO] [Logs] Gestionnaire de logs initialisé
[17/03/2025 18:14:22] [INFO] [Système] Gestionnaire anti-crash initialisé
[17/03/2025 18:14:22] [DEBUG] [Événements] Événement chargé: messageCreate
[17/03/2025 18:14:22] [INFO] [Événements] Événement ajouté: messageCreate.js
[17/03/2025 18:14:22] [DEBUG] [Événements] Événement chargé: ready
[17/03/2025 18:14:22] [INFO] [Événements] Événement ajouté: ready.js
[17/03/2025 18:14:22] [DEBUG] [Commandes] Commande chargée: owners
[17/03/2025 18:14:22] [INFO] [Commandes] Commande ajoutée: owners.js
[17/03/2025 18:14:22] [DEBUG] [Commandes] Commande chargée: prefix
[17/03/2025 18:14:22] [INFO] [Commandes] Commande ajoutée: prefix.js
[17/03/2025 18:14:22] [DEBUG] [Commandes] Commande chargée: pic
[17/03/2025 18:14:22] [INFO] [Commandes] Commande ajoutée: pic.js
[17/03/2025 18:14:22] [DEBUG] [Commandes] Commande chargée: ping
[17/03/2025 18:14:22] [INFO] [Commandes] Commande ajoutée: ping.js
[17/03/2025 18:14:23] [INFO] [Bot] Bot démarré avec succès
[17/03/2025 18:14:23] [SUCCESS] [Client] Connecté en tant que TemplatePrefix#0345!
[17/03/2025 18:14:23] [SUCCESS] [Client] Connecté en tant que TemplatePrefix#0345!
[17/03/2025 18:14:23] [INFO] [Ready Event] Informations mises à jour pour 1 serveurs
[17/03/2025 18:14:23] [INFO] [Ready Event] Bot prêt sur 1 serveurs
[17/03/2025 18:14:23] [INFO] [Ready Event] Servant 14 utilisateurs
[17/03/2025 18:14:23] [INFO] [Ready Event] Accès à 24 canaux
[17/03/2025 18:14:23] [INFO] [Ready Event] Préfixe principal: +
[17/03/2025 18:14:23] [INFO] [Ready Event] Informations mises à jour pour 1 serveurs
[17/03/2025 18:14:23] [INFO] [Ready Event] Bot prêt sur 1 serveurs
[17/03/2025 18:14:23] [INFO] [Ready Event] Servant 14 utilisateurs
[17/03/2025 18:14:23] [INFO] [Ready Event] Accès à 24 canaux
[17/03/2025 18:14:23] [INFO] [Ready Event] Préfixe principal: +
[17/03/2025 18:14:29] [INFO] [Commandes] .br0kenhe4rt a utilisé la commande ping dans Config ♛
[17/03/2025 18:14:58] [ERROR] [Commande Owners] Erreur: Cannot find module '../models/Bot'
Require stack:
- F:\DEV\Templates\Prefix\commands\owners\owners.js
- F:\DEV\Templates\Prefix\handlers\commandHandler.js
- F:\DEV\Templates\Prefix\client.js
- F:\DEV\Templates\Prefix\index.js
[17/03/2025 18:14:58] [INFO] [Commandes] .br0kenhe4rt a utilisé la commande owners dans Config ♛
[17/03/2025 18:15:19] [DEBUG] [Commandes] Commande déchargée: owners
[17/03/2025 18:15:19] [DEBUG] [Commandes] Commande chargée: owners
[17/03/2025 18:15:19] [INFO] [Commandes] Commande mise à jour: owners.js
[17/03/2025 18:15:24] [INFO] [Commandes] .br0kenhe4rt a utilisé la commande owners dans Config ♛
[17/03/2025 18:15:30] [INFO] [Commandes] .br0kenhe4rt a utilisé la commande owners dans Config ♛
[17/03/2025 18:15:36] [INFO] [Commande Owners] .br0kenhe4rt a ajouté 1218707230241853533 comme propriétaire
[17/03/2025 18:15:37] [INFO] [Commandes] .br0kenhe4rt a utilisé la commande owners dans Config ♛
[17/03/2025 18:15:46] [INFO] [Commandes] .br0kenhe4rt a utilisé la commande owners dans Config ♛
[17/03/2025 18:15:55] [INFO] [Prefix] Préfixe modifié sur Config ♛ (1326595552477057045) de "+" à "!" par .br0kenhe4rt
[17/03/2025 18:15:55] [INFO] [Commandes] .br0kenhe4rt a utilisé la commande prefix dans Config ♛
[17/03/2025 18:16:00] [INFO] [Commandes] .br0kenhe4rt a utilisé la commande owners dans Config ♛
[17/03/2025 18:16:03] [INFO] [Système] Arrêt du bot en cours...
[17/03/2025 18:16:03] [INFO] [Base de données] Déconnecté de MongoDB
